[debug] [2025-07-19T17:33:23.871Z] ----------------------------------------------------------------------
[debug] [2025-07-19T17:33:23.874Z] Command:       C:\nvm4w\nodejs\node.exe C:\nvm4w\nodejs\node_modules\firebase-tools\lib\bin\firebase.js init
[debug] [2025-07-19T17:33:23.875Z] CLI Version:   13.35.1
[debug] [2025-07-19T17:33:23.875Z] Platform:      win32
[debug] [2025-07-19T17:33:23.875Z] Node Version:  v18.20.8
[debug] [2025-07-19T17:33:23.878Z] Time:          Sat Jul 19 2025 12:33:23 GMT-0500 (Central Daylight Time)
[debug] [2025-07-19T17:33:23.878Z] ----------------------------------------------------------------------
[debug] 
[debug] [2025-07-19T17:33:23.893Z] > command requires scopes: ["email","openid","https://www.googleapis.com/auth/cloudplatformprojects.readonly","https://www.googleapis.com/auth/firebase","https://www.googleapis.com/auth/cloud-platform"]
[debug] [2025-07-19T17:33:23.894Z] > authorizing via signed-in user (david.clerk.jp@gmail.com)
[info] 
     ######## #### ########  ######## ########     ###     ######  ########
     ##        ##  ##     ## ##       ##     ##  ##   ##  ##       ##
     ######    ##  ########  ######   ########  #########  ######  ######
     ##        ##  ##    ##  ##       ##     ## ##     ##       ## ##
     ##       #### ##     ## ######## ########  ##     ##  ######  ########

You're about to initialize a Firebase project in this directory:

  C:\MIT\Assignment25\nextjs-dashboard

Before we get started, keep in mind:

  * You are currently outside your home directory

